{
  "timestamp": "2022-04-10T10:31:56.317Z",
  "method": "POST",
  "endpoint": "/api/v1/messages",
  "name": "Matt Hagen",
  "email": "anonz3000@gmail.com",
  "website": "https://hagenhaus.com/",
  "message": "test",
  "userAgent": "Mozilla/5.0 (Macintosh; Intel Mac OS X 10_15_7) AppleWebKit/537.36 (KHTML, like Gecko) Chrome/100.0.4896.75 Safari/537.36"
}
{
  host: 'localhost:8086',
  connection: 'keep-alive',
  'content-length': '103',
  'sec-ch-ua': '" Not A;Brand";v="99", "Chromium";v="100", "Google Chrome";v="100"',
  accept: 'application/json, text/plain, */*',
  'content-type': 'application/json;charset=UTF-8',
  'sec-ch-ua-mobile': '?0',
  'user-agent': 'Mozilla/5.0 (Macintosh; Intel Mac OS X 10_15_7) AppleWebKit/537.36 (KHTML, like Gecko) Chrome/100.0.4896.75 Safari/537.36',
  'sec-ch-ua-platform': '"macOS"',
  origin: 'http://localhost:8082',
  'sec-fetch-site': 'same-site',
  'sec-fetch-mode': 'cors',
  'sec-fetch-dest': 'empty',
  referer: 'http://localhost:8082/',
  'accept-encoding': 'gzip, deflate, br',
  'accept-language': 'en-US,en;q=0.9,fr-FR;q=0.8,fr;q=0.7,el;q=0.6,la;q=0.5'
}
::1

